mode: atomic
zensor-server/internal/control_plane/persistence/command_repository.go:12.74,14.16 2 3
zensor-server/internal/control_plane/persistence/command_repository.go:14.16,16.3 1 0
zensor-server/internal/control_plane/persistence/command_repository.go:18.2,20.8 1 3
zensor-server/internal/control_plane/persistence/command_repository.go:29.97,37.16 3 1
zensor-server/internal/control_plane/persistence/command_repository.go:37.16,39.3 1 0
zensor-server/internal/control_plane/persistence/command_repository.go:41.2,41.33 1 1
zensor-server/internal/control_plane/persistence/command_repository.go:44.122,52.16 3 1
zensor-server/internal/control_plane/persistence/command_repository.go:52.16,54.3 1 0
zensor-server/internal/control_plane/persistence/command_repository.go:56.2,56.33 1 1
zensor-server/internal/control_plane/persistence/device_repository.go:14.114,16.16 2 0
zensor-server/internal/control_plane/persistence/device_repository.go:16.16,18.3 1 0
zensor-server/internal/control_plane/persistence/device_repository.go:20.2,21.16 2 0
zensor-server/internal/control_plane/persistence/device_repository.go:21.16,23.3 1 0
zensor-server/internal/control_plane/persistence/device_repository.go:25.2,28.8 1 0
zensor-server/internal/control_plane/persistence/device_repository.go:38.96,41.53 3 0
zensor-server/internal/control_plane/persistence/device_repository.go:41.53,43.3 1 0
zensor-server/internal/control_plane/persistence/device_repository.go:45.2,45.28 1 0
zensor-server/internal/control_plane/persistence/device_repository.go:45.28,47.3 1 0
zensor-server/internal/control_plane/persistence/device_repository.go:49.2,50.16 2 0
zensor-server/internal/control_plane/persistence/device_repository.go:50.16,52.3 1 0
zensor-server/internal/control_plane/persistence/device_repository.go:54.2,54.12 1 0
zensor-server/internal/control_plane/persistence/device_repository.go:57.96,60.53 3 0
zensor-server/internal/control_plane/persistence/device_repository.go:60.53,62.3 1 0
zensor-server/internal/control_plane/persistence/device_repository.go:64.2,64.28 1 0
zensor-server/internal/control_plane/persistence/device_repository.go:64.28,66.3 1 0
zensor-server/internal/control_plane/persistence/device_repository.go:68.2,69.16 2 0
zensor-server/internal/control_plane/persistence/device_repository.go:69.16,71.3 1 0
zensor-server/internal/control_plane/persistence/device_repository.go:73.2,73.12 1 0
zensor-server/internal/control_plane/persistence/device_repository.go:76.129,94.2 1 0
zensor-server/internal/control_plane/persistence/device_repository.go:96.102,104.43 3 0
zensor-server/internal/control_plane/persistence/device_repository.go:104.43,106.3 1 0
zensor-server/internal/control_plane/persistence/device_repository.go:108.2,108.16 1 0
zensor-server/internal/control_plane/persistence/device_repository.go:108.16,110.3 1 0
zensor-server/internal/control_plane/persistence/device_repository.go:112.2,112.31 1 0
zensor-server/internal/control_plane/persistence/device_repository.go:115.101,117.2 1 0
zensor-server/internal/control_plane/persistence/device_repository.go:119.93,126.43 3 0
zensor-server/internal/control_plane/persistence/device_repository.go:126.43,128.3 1 0
zensor-server/internal/control_plane/persistence/device_repository.go:130.2,130.16 1 0
zensor-server/internal/control_plane/persistence/device_repository.go:130.16,132.3 1 0
zensor-server/internal/control_plane/persistence/device_repository.go:134.2,134.31 1 0
zensor-server/internal/control_plane/persistence/device_repository.go:137.88,144.16 3 0
zensor-server/internal/control_plane/persistence/device_repository.go:144.16,146.3 1 0
zensor-server/internal/control_plane/persistence/device_repository.go:148.2,149.34 2 0
zensor-server/internal/control_plane/persistence/device_repository.go:149.34,151.3 1 0
zensor-server/internal/control_plane/persistence/device_repository.go:153.2,153.20 1 0
zensor-server/internal/control_plane/persistence/device_repository.go:156.147,164.16 3 0
zensor-server/internal/control_plane/persistence/device_repository.go:164.16,166.3 1 0
zensor-server/internal/control_plane/persistence/device_repository.go:168.2,176.16 3 0
zensor-server/internal/control_plane/persistence/device_repository.go:176.16,178.3 1 0
zensor-server/internal/control_plane/persistence/device_repository.go:180.2,181.34 2 0
zensor-server/internal/control_plane/persistence/device_repository.go:181.34,183.3 1 0
zensor-server/internal/control_plane/persistence/device_repository.go:185.2,185.32 1 0
zensor-server/internal/control_plane/persistence/device_repository.go:188.133,196.16 3 0
zensor-server/internal/control_plane/persistence/device_repository.go:196.16,198.3 1 0
zensor-server/internal/control_plane/persistence/device_repository.go:200.2,205.20 2 0
zensor-server/internal/control_plane/persistence/evaluation_rule_repository.go:15.124,17.16 2 0
zensor-server/internal/control_plane/persistence/evaluation_rule_repository.go:17.16,19.3 1 0
zensor-server/internal/control_plane/persistence/evaluation_rule_repository.go:21.2,22.16 2 0
zensor-server/internal/control_plane/persistence/evaluation_rule_repository.go:22.16,24.3 1 0
zensor-server/internal/control_plane/persistence/evaluation_rule_repository.go:26.2,29.8 1 0
zensor-server/internal/control_plane/persistence/evaluation_rule_repository.go:37.135,41.16 4 0
zensor-server/internal/control_plane/persistence/evaluation_rule_repository.go:41.16,43.3 1 0
zensor-server/internal/control_plane/persistence/evaluation_rule_repository.go:45.2,45.12 1 0
zensor-server/internal/control_plane/persistence/evaluation_rule_repository.go:48.125,56.16 3 0
zensor-server/internal/control_plane/persistence/evaluation_rule_repository.go:56.16,58.3 1 0
zensor-server/internal/control_plane/persistence/evaluation_rule_repository.go:60.2,61.26 2 0
zensor-server/internal/control_plane/persistence/evaluation_rule_repository.go:61.26,63.3 1 0
zensor-server/internal/control_plane/persistence/evaluation_rule_repository.go:65.2,65.25 1 0
zensor-server/internal/control_plane/persistence/scheduled_task_repository.go:17.128,19.16 2 0
zensor-server/internal/control_plane/persistence/scheduled_task_repository.go:19.16,21.3 1 0
zensor-server/internal/control_plane/persistence/scheduled_task_repository.go:23.2,24.16 2 0
zensor-server/internal/control_plane/persistence/scheduled_task_repository.go:24.16,26.3 1 0
zensor-server/internal/control_plane/persistence/scheduled_task_repository.go:28.2,31.8 1 0
zensor-server/internal/control_plane/persistence/scheduled_task_repository.go:41.111,44.16 3 0
zensor-server/internal/control_plane/persistence/scheduled_task_repository.go:44.16,46.3 1 0
zensor-server/internal/control_plane/persistence/scheduled_task_repository.go:48.2,48.12 1 0
zensor-server/internal/control_plane/persistence/scheduled_task_repository.go:51.130,59.16 3 0
zensor-server/internal/control_plane/persistence/scheduled_task_repository.go:59.16,61.3 1 0
zensor-server/internal/control_plane/persistence/scheduled_task_repository.go:63.2,64.34 2 0
zensor-server/internal/control_plane/persistence/scheduled_task_repository.go:64.34,66.3 1 0
zensor-server/internal/control_plane/persistence/scheduled_task_repository.go:68.2,68.20 1 0
zensor-server/internal/control_plane/persistence/scheduled_task_repository.go:71.108,79.16 3 0
zensor-server/internal/control_plane/persistence/scheduled_task_repository.go:79.16,81.3 1 0
zensor-server/internal/control_plane/persistence/scheduled_task_repository.go:83.2,84.34 2 0
zensor-server/internal/control_plane/persistence/scheduled_task_repository.go:84.34,86.3 1 0
zensor-server/internal/control_plane/persistence/scheduled_task_repository.go:88.2,88.20 1 0
zensor-server/internal/control_plane/persistence/scheduled_task_repository.go:91.111,94.16 3 0
zensor-server/internal/control_plane/persistence/scheduled_task_repository.go:94.16,96.3 1 0
zensor-server/internal/control_plane/persistence/scheduled_task_repository.go:98.2,98.12 1 0
zensor-server/internal/control_plane/persistence/scheduled_task_repository.go:101.114,108.16 3 0
zensor-server/internal/control_plane/persistence/scheduled_task_repository.go:108.16,110.3 1 0
zensor-server/internal/control_plane/persistence/scheduled_task_repository.go:112.2,112.31 1 0
zensor-server/internal/control_plane/persistence/task_repository.go:21.34,23.16 2 0
zensor-server/internal/control_plane/persistence/task_repository.go:23.16,25.3 1 0
zensor-server/internal/control_plane/persistence/task_repository.go:27.2,28.16 2 0
zensor-server/internal/control_plane/persistence/task_repository.go:28.16,30.3 1 0
zensor-server/internal/control_plane/persistence/task_repository.go:32.2,33.16 2 0
zensor-server/internal/control_plane/persistence/task_repository.go:33.16,35.3 1 0
zensor-server/internal/control_plane/persistence/task_repository.go:37.2,41.8 1 0
zensor-server/internal/control_plane/persistence/task_repository.go:52.84,55.16 3 0
zensor-server/internal/control_plane/persistence/task_repository.go:55.16,57.3 1 0
zensor-server/internal/control_plane/persistence/task_repository.go:59.2,59.36 1 0
zensor-server/internal/control_plane/persistence/task_repository.go:59.36,63.17 4 0
zensor-server/internal/control_plane/persistence/task_repository.go:63.17,65.4 1 0
zensor-server/internal/control_plane/persistence/task_repository.go:68.2,68.12 1 0
zensor-server/internal/control_plane/persistence/task_repository.go:71.151,79.16 3 0
zensor-server/internal/control_plane/persistence/task_repository.go:79.16,81.3 1 0
zensor-server/internal/control_plane/persistence/task_repository.go:83.2,91.16 3 0
zensor-server/internal/control_plane/persistence/task_repository.go:91.16,93.3 1 0
zensor-server/internal/control_plane/persistence/task_repository.go:95.2,96.34 2 0
zensor-server/internal/control_plane/persistence/task_repository.go:96.34,103.3 1 0
zensor-server/internal/control_plane/persistence/task_repository.go:105.2,105.31 1 0
zensor-server/internal/control_plane/persistence/tenant_repository.go:14.114,16.16 2 0
zensor-server/internal/control_plane/persistence/tenant_repository.go:16.16,18.3 1 0
zensor-server/internal/control_plane/persistence/tenant_repository.go:20.2,21.16 2 0
zensor-server/internal/control_plane/persistence/tenant_repository.go:21.16,23.3 1 0
zensor-server/internal/control_plane/persistence/tenant_repository.go:25.2,28.8 1 0
zensor-server/internal/control_plane/persistence/tenant_repository.go:38.90,41.16 3 0
zensor-server/internal/control_plane/persistence/tenant_repository.go:41.16,43.3 1 0
zensor-server/internal/control_plane/persistence/tenant_repository.go:45.2,45.12 1 0
zensor-server/internal/control_plane/persistence/tenant_repository.go:48.100,55.43 3 0
zensor-server/internal/control_plane/persistence/tenant_repository.go:55.43,57.3 1 0
zensor-server/internal/control_plane/persistence/tenant_repository.go:59.2,59.16 1 0
zensor-server/internal/control_plane/persistence/tenant_repository.go:59.16,61.3 1 0
zensor-server/internal/control_plane/persistence/tenant_repository.go:63.2,63.31 1 0
zensor-server/internal/control_plane/persistence/tenant_repository.go:66.101,74.43 3 0
zensor-server/internal/control_plane/persistence/tenant_repository.go:74.43,76.3 1 0
zensor-server/internal/control_plane/persistence/tenant_repository.go:78.2,78.16 1 0
zensor-server/internal/control_plane/persistence/tenant_repository.go:78.16,80.3 1 0
zensor-server/internal/control_plane/persistence/tenant_repository.go:82.2,82.31 1 0
zensor-server/internal/control_plane/persistence/tenant_repository.go:85.90,89.16 3 0
zensor-server/internal/control_plane/persistence/tenant_repository.go:89.16,91.3 1 0
zensor-server/internal/control_plane/persistence/tenant_repository.go:93.2,93.12 1 0
zensor-server/internal/control_plane/persistence/tenant_repository.go:96.146,101.21 3 0
zensor-server/internal/control_plane/persistence/tenant_repository.go:101.21,103.3 1 0
zensor-server/internal/control_plane/persistence/tenant_repository.go:105.2,106.16 2 0
zensor-server/internal/control_plane/persistence/tenant_repository.go:106.16,108.3 1 0
zensor-server/internal/control_plane/persistence/tenant_repository.go:110.2,114.21 3 0
zensor-server/internal/control_plane/persistence/tenant_repository.go:114.21,116.3 1 0
zensor-server/internal/control_plane/persistence/tenant_repository.go:118.2,119.16 2 0
zensor-server/internal/control_plane/persistence/tenant_repository.go:119.16,121.3 1 0
zensor-server/internal/control_plane/persistence/tenant_repository.go:123.2,124.34 2 0
zensor-server/internal/control_plane/persistence/tenant_repository.go:124.34,126.3 1 0
zensor-server/internal/control_plane/persistence/tenant_repository.go:128.2,128.32 1 0
zensor-server/internal/infra/async/internal_broker.go:40.36,44.2 1 0
zensor-server/internal/infra/async/internal_broker.go:61.78,64.9 3 0
zensor-server/internal/infra/async/internal_broker.go:64.9,66.3 1 0
zensor-server/internal/infra/async/internal_broker.go:66.8,68.3 1 0
zensor-server/internal/infra/async/internal_broker.go:69.2,74.26 6 0
zensor-server/internal/infra/async/internal_broker.go:77.91,79.9 2 0
zensor-server/internal/infra/async/internal_broker.go:79.9,81.3 1 0
zensor-server/internal/infra/async/internal_broker.go:83.2,84.68 2 0
zensor-server/internal/infra/async/internal_broker.go:84.68,84.115 1 0
zensor-server/internal/infra/async/internal_broker.go:85.2,85.15 1 0
zensor-server/internal/infra/async/internal_broker.go:85.15,87.3 1 0
zensor-server/internal/infra/async/internal_broker.go:89.2,91.12 2 0
zensor-server/internal/infra/async/internal_broker.go:94.100,97.9 3 0
zensor-server/internal/infra/async/internal_broker.go:97.9,99.3 1 0
zensor-server/internal/infra/async/internal_broker.go:101.2,103.12 2 0
zensor-server/internal/infra/async/internal_broker.go:106.84,107.38 1 0
zensor-server/internal/infra/async/internal_broker.go:107.38,108.15 1 0
zensor-server/internal/infra/async/internal_broker.go:108.15,110.4 1 0
zensor-server/internal/infra/async/internal_broker.go:114.30,115.49 1 0
zensor-server/internal/infra/async/internal_broker.go:115.49,116.44 1 0
zensor-server/internal/infra/async/internal_broker.go:116.44,118.4 1 0
zensor-server/internal/infra/async/internal_broker.go:119.3,119.14 1 0
zensor-server/internal/infra/async/internal_broker.go:123.35,124.19 1 0
zensor-server/internal/infra/async/internal_broker.go:124.19,127.3 2 0
zensor-server/internal/infra/httpserver/example_pagination.go:8.31,10.58 1 0
zensor-server/internal/infra/httpserver/example_pagination.go:10.58,27.3 4 0
zensor-server/internal/infra/httpserver/example_pagination.go:29.2,29.13 1 0
zensor-server/internal/infra/httpserver/example_pagination.go:33.35,59.2 0 0
zensor-server/internal/infra/httpserver/helpers.go:34.49,39.2 1 1
zensor-server/internal/infra/httpserver/helpers.go:42.64,49.19 5 7
zensor-server/internal/infra/httpserver/helpers.go:49.19,50.59 1 5
zensor-server/internal/infra/httpserver/helpers.go:50.59,52.4 1 4
zensor-server/internal/infra/httpserver/helpers.go:55.2,55.20 1 7
zensor-server/internal/infra/httpserver/helpers.go:55.20,56.72 1 5
zensor-server/internal/infra/httpserver/helpers.go:56.72,58.4 1 3
zensor-server/internal/infra/httpserver/helpers.go:61.2,64.3 1 7
zensor-server/internal/infra/httpserver/helpers.go:68.114,80.2 7 0
zensor-server/internal/infra/httpserver/helpers.go:82.75,89.2 4 0
zensor-server/internal/infra/httpserver/helpers.go:91.75,95.2 3 0
zensor-server/internal/infra/httpserver/helpers.go:97.61,99.16 2 0
zensor-server/internal/infra/httpserver/helpers.go:99.16,101.3 1 0
zensor-server/internal/infra/httpserver/helpers.go:103.2,103.61 1 0
zensor-server/internal/infra/httpserver/helpers.go:103.61,105.3 1 0
zensor-server/internal/infra/httpserver/helpers.go:107.2,107.12 1 0
zensor-server/internal/infra/httpserver/helpers.go:110.78,114.17 4 0
zensor-server/internal/infra/httpserver/helpers.go:114.17,116.3 1 0
zensor-server/internal/infra/httpserver/helpers.go:118.2,118.21 1 0
zensor-server/internal/infra/httpserver/server.go:24.32,26.2 1 0
zensor-server/internal/infra/httpserver/server.go:28.37,30.2 1 0
zensor-server/internal/infra/httpserver/server.go:32.59,72.41 6 0
zensor-server/internal/infra/httpserver/server.go:72.41,74.3 1 0
zensor-server/internal/infra/httpserver/server.go:76.2,76.15 1 0
zensor-server/internal/infra/httpserver/server.go:79.36,80.54 1 0
zensor-server/internal/infra/httpserver/server.go:80.54,83.3 2 0
zensor-server/internal/infra/pubsub/codec.go:14.45,16.2 1 0
zensor-server/internal/infra/pubsub/codec.go:24.55,26.16 2 0
zensor-server/internal/infra/pubsub/codec.go:26.16,28.3 1 0
zensor-server/internal/infra/pubsub/codec.go:30.2,30.18 1 0
zensor-server/internal/infra/pubsub/codec.go:33.54,37.16 4 0
zensor-server/internal/infra/pubsub/codec.go:37.16,39.3 1 0
zensor-server/internal/infra/pubsub/codec.go:41.2,41.22 1 0
zensor-server/internal/infra/pubsub/factory.go:12.47,13.33 1 6
zensor-server/internal/infra/pubsub/factory.go:13.33,19.3 2 3
zensor-server/internal/infra/pubsub/factory.go:22.2,28.3 2 3
zensor-server/internal/infra/pubsub/factory.go:38.58,40.2 1 6
zensor-server/internal/infra/pubsub/factory.go:43.56,45.2 1 6
zensor-server/internal/infra/pubsub/factory.go:48.83,50.2 1 0
zensor-server/internal/infra/pubsub/factory.go:53.42,55.2 1 0
zensor-server/internal/infra/pubsub/kafka.go:17.102,18.40 1 0
zensor-server/internal/infra/pubsub/kafka.go:18.40,22.17 3 0
zensor-server/internal/infra/pubsub/kafka.go:22.17,24.4 1 0
zensor-server/internal/infra/pubsub/kafka.go:24.9,26.4 1 0
zensor-server/internal/infra/pubsub/kafka.go:29.2,29.108 1 0
zensor-server/internal/infra/pubsub/kafka.go:36.91,39.16 3 0
zensor-server/internal/infra/pubsub/kafka.go:39.16,42.3 2 0
zensor-server/internal/infra/pubsub/kafka.go:44.2,44.12 1 0
zensor-server/internal/infra/pubsub/kafka.go:47.76,53.2 2 0
zensor-server/internal/infra/pubsub/kafka.go:62.103,63.40 1 0
zensor-server/internal/infra/pubsub/kafka.go:63.40,67.3 3 0
zensor-server/internal/infra/pubsub/kafka.go:68.2,74.16 4 0
zensor-server/internal/infra/pubsub/kafka.go:74.16,76.3 1 0
zensor-server/internal/infra/pubsub/kafka.go:78.2,79.12 2 0
zensor-server/internal/infra/pubsub/kafka_factory.go:11.89,15.2 1 3
zensor-server/internal/infra/pubsub/kafka_factory.go:21.88,23.16 2 0
zensor-server/internal/infra/pubsub/kafka_factory.go:23.16,25.3 1 0
zensor-server/internal/infra/pubsub/kafka_factory.go:27.2,27.23 1 0
zensor-server/internal/infra/pubsub/kafka_factory.go:32.84,37.2 1 3
zensor-server/internal/infra/pubsub/kafka_factory.go:46.47,50.2 2 0
zensor-server/internal/infra/pubsub/memory.go:15.58,19.2 1 4
zensor-server/internal/infra/pubsub/memory.go:21.89,27.2 1 2
zensor-server/internal/infra/pubsub/memory.go:35.88,38.2 2 2
zensor-server/internal/infra/pubsub/memory.go:45.68,50.2 1 4
zensor-server/internal/infra/pubsub/memory.go:52.48,57.2 1 2
zensor-server/internal/infra/pubsub/memory.go:64.98,66.2 1 2
zensor-server/internal/infra/pubsub/memory.go:100.38,101.29 1 9
zensor-server/internal/infra/pubsub/memory.go:101.29,106.3 1 1
zensor-server/internal/infra/pubsub/memory.go:107.2,107.21 1 9
zensor-server/internal/infra/pubsub/memory.go:110.77,116.13 5 2
zensor-server/internal/infra/pubsub/memory.go:116.13,122.3 2 0
zensor-server/internal/infra/pubsub/memory.go:124.2,131.9 2 2
zensor-server/internal/infra/pubsub/memory.go:132.35,134.44 1 2
zensor-server/internal/infra/pubsub/memory.go:135.10,136.49 1 0
zensor-server/internal/infra/pubsub/memory.go:139.2,139.12 1 2
zensor-server/internal/infra/pubsub/memory.go:142.112,159.13 7 2
zensor-server/internal/infra/pubsub/memory.go:159.13,165.3 2 1
zensor-server/internal/infra/pubsub/memory.go:168.2,172.12 4 2
zensor-server/internal/infra/pubsub/memory.go:175.88,179.54 3 2
zensor-server/internal/infra/pubsub/memory.go:179.54,182.3 2 2
zensor-server/internal/infra/pubsub/memory.go:183.2,185.44 2 2
zensor-server/internal/infra/pubsub/memory.go:185.44,188.38 1 2
zensor-server/internal/infra/pubsub/memory.go:188.38,189.23 1 3
zensor-server/internal/infra/pubsub/memory.go:189.23,190.30 1 3
zensor-server/internal/infra/pubsub/memory.go:190.30,191.19 1 3
zensor-server/internal/infra/pubsub/memory.go:191.19,192.35 1 3
zensor-server/internal/infra/pubsub/memory.go:192.35,195.8 1 0
zensor-server/internal/infra/pubsub/memory.go:199.6,199.64 1 3
zensor-server/internal/infra/pubsub/memory.go:199.64,201.7 1 0
zensor-server/internal/infra/pubsub/memory.go:209.32,215.2 4 1
zensor-server/internal/infra/pubsub/memory.go:218.57,223.13 4 0
zensor-server/internal/infra/pubsub/memory.go:223.13,225.3 1 0
zensor-server/internal/infra/pubsub/memory.go:227.2,227.32 1 0
